Buildfile: /home/arougier/machineLearning/Exercise 2/build.xml

init:

compile:

arguments.valid:

arguments.not.valid:

run:
     [java] JVM args ignored when same JVM is used.
     [java] Class attribute is missing in data! Using the last attribute
     [java] Running 15 selections in parallel
     [java] CfsSubsetEval + BestFirst:
     [java] Attributes: 0,22,24,25,26,27,30,42,43,44,45,46,48,49,50,52,54,56,60,62,63,65,70,72,73,74,75,78,94,113,118,120,121,122,123,124,131,136,137,139,142,144,145,146,162,163,164,165,166,168 (50 attributes)
     [java] Weighted F measure:    0.437
     [java] Mean Absolute Error:    0.107
     [java] Root Mean Squared Error:    0.315
     [java] 
     [java] ChiSquaredAttributeEval + Ranker:
     [java] Attributes: 0,1,2,3,4,5,6,7,8,9,10,11,12,13,14,15,16,17,18,19,20,21,22,23,24,25,26,27,28,29,30,31,32,33,34,35,36,37,38,39,40,41,42,43,44,45,46,47,48,49,50,51,52,53,54,55,56,57,58,59,60,61,62,63,64,65,66,67,68,69,70,71,72,73,74,75,76,77,78,79,80,81,82,83,84,85,86,87,88,89,90,91,92,93,94,95,96,97,98,99,100,101,102,103,104,105,106,107,108,109,110,111,112,113,114,115,116,117,118,119,120,121,122,123,124,125,126,127,128,129,130,131,132,133,134,135,136,137,138,139,140,141,142,143,144,145,146,147,148,149,150,151,152,153,154,155,156,157,158,159,160,161,162,163,164,165,166,167,168 (169 attributes)
     [java] Weighted F measure:    0.508
     [java] Mean Absolute Error:    0.097
     [java] Root Mean Squared Error:    0.305
     [java] 
     [java] ClassifierSubsetEval + BestFirst:
     [java] Attributes: 24,26,28,29,33,35,48,49,50,54,55,57,61,70,72,78,120,122,134,137,145,165,168 (23 attributes)
     [java] Weighted F measure:    0.554
     [java] Mean Absolute Error:    0.094
     [java] Root Mean Squared Error:    0.262
     [java] 
     [java] ConsistencySubsetEval + BestFirst:
     [java] Attributes: 0,24,32,45,48,56,78,112,118,123,139,146,161,168 (14 attributes)
     [java] Weighted F measure:    0.451
     [java] Mean Absolute Error:    0.112
     [java] Root Mean Squared Error:    0.286
     [java] 
     [java] FilteredAttributeEval + Ranker:
     [java] Attributes: 0,1,2,3,4,5,6,7,8,9,10,11,12,13,14,15,16,17,18,19,20,21,22,23,24,25,26,27,28,29,30,31,32,33,34,35,36,37,38,39,40,41,42,43,44,45,46,47,48,49,50,51,52,53,54,55,56,57,58,59,60,61,62,63,64,65,66,67,68,69,70,71,72,73,74,75,76,77,78,79,80,81,82,83,84,85,86,87,88,89,90,91,92,93,94,95,96,97,98,99,100,101,102,103,104,105,106,107,108,109,110,111,112,113,114,115,116,117,118,119,120,121,122,123,124,125,126,127,128,129,130,131,132,133,134,135,136,137,138,139,140,141,142,143,144,145,146,147,148,149,150,151,152,153,154,155,156,157,158,159,160,161,162,163,164,165,166,167,168 (169 attributes)
     [java] Weighted F measure:    0.508
     [java] Mean Absolute Error:    0.097
     [java] Root Mean Squared Error:    0.305
     [java] 
     [java] FilteredSubsetEval + BestFirst:
     [java] Attributes: 0,22,24,25,26,27,30,42,43,44,45,46,48,49,50,52,54,56,60,62,63,65,70,72,73,74,75,78,94,113,118,120,121,122,123,124,131,136,137,139,142,144,145,146,162,163,164,165,166,168 (50 attributes)
     [java] Weighted F measure:    0.437
     [java] Mean Absolute Error:    0.107
     [java] Root Mean Squared Error:    0.315
     [java] 
     [java] GainRatioAttributeEval + Ranker:
     [java] Attributes: 0,1,2,3,4,5,6,7,8,9,10,11,12,13,14,15,16,17,18,19,20,21,22,23,24,25,26,27,28,29,30,31,32,33,34,35,36,37,38,39,40,41,42,43,44,45,46,47,48,49,50,51,52,53,54,55,56,57,58,59,60,61,62,63,64,65,66,67,68,69,70,71,72,73,74,75,76,77,78,79,80,81,82,83,84,85,86,87,88,89,90,91,92,93,94,95,96,97,98,99,100,101,102,103,104,105,106,107,108,109,110,111,112,113,114,115,116,117,118,119,120,121,122,123,124,125,126,127,128,129,130,131,132,133,134,135,136,137,138,139,140,141,142,143,144,145,146,147,148,149,150,151,152,153,154,155,156,157,158,159,160,161,162,163,164,165,166,167,168 (169 attributes)
     [java] Weighted F measure:    0.508
     [java] Mean Absolute Error:    0.097
     [java] Root Mean Squared Error:    0.305
     [java] 
     [java] InfoGainAttributeEval + Ranker:
     [java] Attributes: 0,1,2,3,4,5,6,7,8,9,10,11,12,13,14,15,16,17,18,19,20,21,22,23,24,25,26,27,28,29,30,31,32,33,34,35,36,37,38,39,40,41,42,43,44,45,46,47,48,49,50,51,52,53,54,55,56,57,58,59,60,61,62,63,64,65,66,67,68,69,70,71,72,73,74,75,76,77,78,79,80,81,82,83,84,85,86,87,88,89,90,91,92,93,94,95,96,97,98,99,100,101,102,103,104,105,106,107,108,109,110,111,112,113,114,115,116,117,118,119,120,121,122,123,124,125,126,127,128,129,130,131,132,133,134,135,136,137,138,139,140,141,142,143,144,145,146,147,148,149,150,151,152,153,154,155,156,157,158,159,160,161,162,163,164,165,166,167,168 (169 attributes)
     [java] Weighted F measure:    0.508
     [java] Mean Absolute Error:    0.097
     [java] Root Mean Squared Error:    0.305
     [java] 
     [java] LatentSemanticAnalysis + Ranker:
     [java] Attributes: 0,1,2,3,4,5,6,7 (8 attributes)
     [java] Weighted F measure:    0.258
     [java] Mean Absolute Error:    0.148
     [java] Root Mean Squared Error:    0.305
     [java] 
     [java] OneRAttributeEval + Ranker:
     [java] Attributes: 0,1,2,3,4,5,6,7,8,9,10,11,12,13,14,15,16,17,18,19,20,21,22,23,24,25,26,27,28,29,30,31,32,33,34,35,36,37,38,39,40,41,42,43,44,45,46,47,48,49,50,51,52,53,54,55,56,57,58,59,60,61,62,63,64,65,66,67,68,69,70,71,72,73,74,75,76,77,78,79,80,81,82,83,84,85,86,87,88,89,90,91,92,93,94,95,96,97,98,99,100,101,102,103,104,105,106,107,108,109,110,111,112,113,114,115,116,117,118,119,120,121,122,123,124,125,126,127,128,129,130,131,132,133,134,135,136,137,138,139,140,141,142,143,144,145,146,147,148,149,150,151,152,153,154,155,156,157,158,159,160,161,162,163,164,165,166,167,168 (169 attributes)
     [java] Weighted F measure:    0.508
     [java] Mean Absolute Error:    0.097
     [java] Root Mean Squared Error:    0.305
     [java] 
     [java] PrincipalComponents + Ranker:
     [java] Attributes: 0,1,2,3,4,5,6,7,8,9,10,11,12,13,14,15,16,17,18,19,20,21,22,23,24,25,26,27,28,29,30,31,32,33,34,35,36,37,38 (39 attributes)
     [java] Weighted F measure:    0.44 
     [java] Mean Absolute Error:    0.111
     [java] Root Mean Squared Error:    0.308
     [java] 
     [java] ReliefFAttributeEval + Ranker:
     [java] Attributes: 0,1,2,3,4,5,6,7,8,9,10,11,12,13,14,15,16,17,18,19,20,21,22,23,24,25,26,27,28,29,30,31,32,33,34,35,36,37,38,39,40,41,42,43,44,45,46,47,48,49,50,51,52,53,54,55,56,57,58,59,60,61,62,63,64,65,66,67,68,69,70,71,72,73,74,75,76,77,78,79,80,81,82,83,84,85,86,87,88,89,90,91,92,93,94,95,96,97,98,99,100,101,102,103,104,105,106,107,108,109,110,111,112,113,114,115,116,117,118,119,120,121,122,123,124,125,126,127,128,129,130,131,132,133,134,135,136,137,138,139,140,141,142,143,144,145,146,147,148,149,150,151,152,153,154,155,156,157,158,159,160,161,162,163,164,165,166,167,168 (169 attributes)
     [java] Weighted F measure:    0.508
     [java] Mean Absolute Error:    0.097
     [java] Root Mean Squared Error:    0.305
     [java] 
     [java] SVMAttributeEval + Ranker:
     [java] Attributes: 0,1,2,3,4,5,6,7,8,9,10,11,12,13,14,15,16,17,18,19,20,21,22,23,24,25,26,27,28,29,30,31,32,33,34,35,36,37,38,39,40,41,42,43,44,45,46,47,48,49,50,51,52,53,54,55,56,57,58,59,60,61,62,63,64,65,66,67,68,69,70,71,72,73,74,75,76,77,78,79,80,81,82,83,84,85,86,87,88,89,90,91,92,93,94,95,96,97,98,99,100,101,102,103,104,105,106,107,108,109,110,111,112,113,114,115,116,117,118,119,120,121,122,123,124,125,126,127,128,129,130,131,132,133,134,135,136,137,138,139,140,141,142,143,144,145,146,147,148,149,150,151,152,153,154,155,156,157,158,159,160,161,162,163,164,165,166,167,168 (169 attributes)
     [java] Weighted F measure:    0.508
     [java] Mean Absolute Error:    0.097
     [java] Root Mean Squared Error:    0.305
     [java] 
     [java] SymmetricalUncertAttributeEval + Ranker:
     [java] Attributes: 0,1,2,3,4,5,6,7,8,9,10,11,12,13,14,15,16,17,18,19,20,21,22,23,24,25,26,27,28,29,30,31,32,33,34,35,36,37,38,39,40,41,42,43,44,45,46,47,48,49,50,51,52,53,54,55,56,57,58,59,60,61,62,63,64,65,66,67,68,69,70,71,72,73,74,75,76,77,78,79,80,81,82,83,84,85,86,87,88,89,90,91,92,93,94,95,96,97,98,99,100,101,102,103,104,105,106,107,108,109,110,111,112,113,114,115,116,117,118,119,120,121,122,123,124,125,126,127,128,129,130,131,132,133,134,135,136,137,138,139,140,141,142,143,144,145,146,147,148,149,150,151,152,153,154,155,156,157,158,159,160,161,162,163,164,165,166,167,168 (169 attributes)
     [java] Weighted F measure:    0.508
     [java] Mean Absolute Error:    0.097
     [java] Root Mean Squared Error:    0.305
     [java] 
     [java] WrapperSubsetEval + BestFirst:
     [java] Attributes: 24,28,29,35,48,49,50,55,70,77,97,123,135,146,165,168 (16 attributes)
     [java] Weighted F measure:    0.547
     [java] Mean Absolute Error:    0.097
     [java] Root Mean Squared Error:    0.254
     [java] 
     [java] Best result (ClassifierSubsetEval + BestFirst):
     [java] Attributes: 24,26,28,29,33,35,48,49,50,54,55,57,61,70,72,78,120,122,134,137,145,165,168 (23 attributes)
     [java] Weighted F measure:    0.554
     [java] Mean Absolute Error:    0.094
     [java] Root Mean Squared Error:    0.262
     [java] 
     [java] Mayority result:
     [java] Attributes: 0,1,2,3,4,5,6,7,8,9,10,11,12,13,14,15,16,17,18,19,20,21,22,23,24,25,26,27,28,29,30,31,32,33,34,35,36,37,38,39,40,41,42,43,44,45,46,47,48,49,50,51,52,53,54,55,56,57,58,59,60,61,62,63,64,65,66,67,68,69,70,71,72,73,74,75,76,77,78,79,80,81,82,83,84,85,86,87,88,89,90,91,92,93,94,95,96,97,98,99,100,101,102,103,104,105,106,107,108,109,110,111,112,113,114,115,116,117,118,119,120,121,122,123,124,125,126,127,128,129,130,131,132,133,134,135,136,137,138,139,140,141,142,143,144,145,146,147,148,149,150,151,152,153,154,155,156,157,158,159,160,161,162,163,164,165,166,167,168 (169 attributes)
     [java] Weighted F measure:    0.508
     [java] Mean Absolute Error:    0.097
     [java] Root Mean Squared Error:    0.305
     [java] 

BUILD SUCCESSFUL
Total time: 26 minutes 26 seconds
