Buildfile: /home/arougier/machineLearning/Exercise 2/build.xml

init:

compile:

arguments.valid:

arguments.not.valid:

run:
     [java] JVM args ignored when same JVM is used.
     [java] Class attribute is missing in data! Using the last attribute
     [java] Running 15 selections in parallel
     [java] CfsSubsetEval + BestFirst:
     [java] Attributes: 3,7,14,17,20,21,23,24,25,34,39,41,42,43,44,45,61,73,74,75,85,88,89,91,92,94,96,115,116,120,121,122,123,124,140,145,156,157,163,164,165,167,168 (43 attributes)
     [java] Weighted F measure:    0.474
     [java] Mean Absolute Error:    0.134
     [java] Root Mean Squared Error:    0.343
     [java] 
     [java] ChiSquaredAttributeEval + Ranker:
     [java] Attributes: 0,1,2,3,4,5,6,7,8,9,10,11,12,13,14,15,16,17,18,19,20,21,22,23,24,25,26,27,28,29,30,31,32,33,34,35,36,37,38,39,40,41,42,43,44,45,46,47,48,49,50,51,52,53,54,55,56,57,58,59,60,61,62,63,64,65,66,67,68,69,70,71,72,73,74,75,76,77,78,79,80,81,82,83,84,85,86,87,88,89,90,91,92,93,94,95,96,97,98,99,100,101,102,103,104,105,106,107,108,109,110,111,112,113,114,115,116,117,118,119,120,121,122,123,124,125,126,127,128,129,130,131,132,133,134,135,136,137,138,139,140,141,142,143,144,145,146,147,148,149,150,151,152,153,154,155,156,157,158,159,160,161,162,163,164,165,166,167,168 (169 attributes)
     [java] Weighted F measure:    0.433
     [java] Mean Absolute Error:    0.14 
     [java] Root Mean Squared Error:    0.367
     [java] 
     [java] ClassifierSubsetEval + BestFirst:
     [java] Attributes: 2,6,32,34,37,39,46,48,49,50,53,61,64,66,71,77,80,115,121,122,123,149,154,164,168 (25 attributes)
     [java] Weighted F measure:    0.503
     [java] Mean Absolute Error:    0.135
     [java] Root Mean Squared Error:    0.31 
     [java] 
     [java] ConsistencySubsetEval + BestFirst:
     [java] Attributes: 0,4,8,12,24,34,40,49,75,87,99,111,115,123,145,162,165,168 (18 attributes)
     [java] Weighted F measure:    0.417
     [java] Mean Absolute Error:    0.149
     [java] Root Mean Squared Error:    0.322
     [java] 
     [java] FilteredAttributeEval + Ranker:
     [java] Attributes: 0,1,2,3,4,5,6,7,8,9,10,11,12,13,14,15,16,17,18,19,20,21,22,23,24,25,26,27,28,29,30,31,32,33,34,35,36,37,38,39,40,41,42,43,44,45,46,47,48,49,50,51,52,53,54,55,56,57,58,59,60,61,62,63,64,65,66,67,68,69,70,71,72,73,74,75,76,77,78,79,80,81,82,83,84,85,86,87,88,89,90,91,92,93,94,95,96,97,98,99,100,101,102,103,104,105,106,107,108,109,110,111,112,113,114,115,116,117,118,119,120,121,122,123,124,125,126,127,128,129,130,131,132,133,134,135,136,137,138,139,140,141,142,143,144,145,146,147,148,149,150,151,152,153,154,155,156,157,158,159,160,161,162,163,164,165,166,167,168 (169 attributes)
     [java] Weighted F measure:    0.433
     [java] Mean Absolute Error:    0.14 
     [java] Root Mean Squared Error:    0.367
     [java] 
     [java] FilteredSubsetEval + BestFirst:
     [java] Attributes: 3,7,14,17,20,21,23,24,25,34,39,41,42,43,44,45,61,73,74,75,85,88,89,91,92,94,96,115,116,120,121,122,123,124,140,145,156,157,163,164,165,167,168 (43 attributes)
     [java] Weighted F measure:    0.474
     [java] Mean Absolute Error:    0.134
     [java] Root Mean Squared Error:    0.343
     [java] 
     [java] GainRatioAttributeEval + Ranker:
     [java] Attributes: 0,1,2,3,4,5,6,7,8,9,10,11,12,13,14,15,16,17,18,19,20,21,22,23,24,25,26,27,28,29,30,31,32,33,34,35,36,37,38,39,40,41,42,43,44,45,46,47,48,49,50,51,52,53,54,55,56,57,58,59,60,61,62,63,64,65,66,67,68,69,70,71,72,73,74,75,76,77,78,79,80,81,82,83,84,85,86,87,88,89,90,91,92,93,94,95,96,97,98,99,100,101,102,103,104,105,106,107,108,109,110,111,112,113,114,115,116,117,118,119,120,121,122,123,124,125,126,127,128,129,130,131,132,133,134,135,136,137,138,139,140,141,142,143,144,145,146,147,148,149,150,151,152,153,154,155,156,157,158,159,160,161,162,163,164,165,166,167,168 (169 attributes)
     [java] Weighted F measure:    0.433
     [java] Mean Absolute Error:    0.14 
     [java] Root Mean Squared Error:    0.367
     [java] 
     [java] InfoGainAttributeEval + Ranker:
     [java] Attributes: 0,1,2,3,4,5,6,7,8,9,10,11,12,13,14,15,16,17,18,19,20,21,22,23,24,25,26,27,28,29,30,31,32,33,34,35,36,37,38,39,40,41,42,43,44,45,46,47,48,49,50,51,52,53,54,55,56,57,58,59,60,61,62,63,64,65,66,67,68,69,70,71,72,73,74,75,76,77,78,79,80,81,82,83,84,85,86,87,88,89,90,91,92,93,94,95,96,97,98,99,100,101,102,103,104,105,106,107,108,109,110,111,112,113,114,115,116,117,118,119,120,121,122,123,124,125,126,127,128,129,130,131,132,133,134,135,136,137,138,139,140,141,142,143,144,145,146,147,148,149,150,151,152,153,154,155,156,157,158,159,160,161,162,163,164,165,166,167,168 (169 attributes)
     [java] Weighted F measure:    0.433
     [java] Mean Absolute Error:    0.14 
     [java] Root Mean Squared Error:    0.367
     [java] 
     [java] LatentSemanticAnalysis + Ranker:
     [java] Attributes: 0,1,2,3,4,5,6,7,8,9,10,11 (12 attributes)
     [java] Weighted F measure:    0.274
     [java] Mean Absolute Error:    0.18 
     [java] Root Mean Squared Error:    0.343
     [java] 
     [java] OneRAttributeEval + Ranker:
     [java] Attributes: 0,1,2,3,4,5,6,7,8,9,10,11,12,13,14,15,16,17,18,19,20,21,22,23,24,25,26,27,28,29,30,31,32,33,34,35,36,37,38,39,40,41,42,43,44,45,46,47,48,49,50,51,52,53,54,55,56,57,58,59,60,61,62,63,64,65,66,67,68,69,70,71,72,73,74,75,76,77,78,79,80,81,82,83,84,85,86,87,88,89,90,91,92,93,94,95,96,97,98,99,100,101,102,103,104,105,106,107,108,109,110,111,112,113,114,115,116,117,118,119,120,121,122,123,124,125,126,127,128,129,130,131,132,133,134,135,136,137,138,139,140,141,142,143,144,145,146,147,148,149,150,151,152,153,154,155,156,157,158,159,160,161,162,163,164,165,166,167,168 (169 attributes)
     [java] Weighted F measure:    0.433
     [java] Mean Absolute Error:    0.14 
     [java] Root Mean Squared Error:    0.367
     [java] 
     [java] PrincipalComponents + Ranker:
     [java] Attributes: 0,1,2,3,4,5,6,7,8,9,10,11,12,13,14,15,16,17,18,19,20,21,22,23,24,25,26,27,28,29,30,31,32,33,34,35,36,37,38,39,40,41,42,43,44,45,46,47 (48 attributes)
     [java] Weighted F measure:    0.391
     [java] Mean Absolute Error:    0.148
     [java] Root Mean Squared Error:    0.365
     [java] 
     [java] ReliefFAttributeEval + Ranker:
     [java] Attributes: 0,1,2,3,4,5,6,7,8,9,10,11,12,13,14,15,16,17,18,19,20,21,22,23,24,25,26,27,28,29,30,31,32,33,34,35,36,37,38,39,40,41,42,43,44,45,46,47,48,49,50,51,52,53,54,55,56,57,58,59,60,61,62,63,64,65,66,67,68,69,70,71,72,73,74,75,76,77,78,79,80,81,82,83,84,85,86,87,88,89,90,91,92,93,94,95,96,97,98,99,100,101,102,103,104,105,106,107,108,109,110,111,112,113,114,115,116,117,118,119,120,121,122,123,124,125,126,127,128,129,130,131,132,133,134,135,136,137,138,139,140,141,142,143,144,145,146,147,148,149,150,151,152,153,154,155,156,157,158,159,160,161,162,163,164,165,166,167,168 (169 attributes)
     [java] Weighted F measure:    0.433
     [java] Mean Absolute Error:    0.14 
     [java] Root Mean Squared Error:    0.367
     [java] 
     [java] SVMAttributeEval + Ranker:
     [java] Attributes: 0,1,2,3,4,5,6,7,8,9,10,11,12,13,14,15,16,17,18,19,20,21,22,23,24,25,26,27,28,29,30,31,32,33,34,35,36,37,38,39,40,41,42,43,44,45,46,47,48,49,50,51,52,53,54,55,56,57,58,59,60,61,62,63,64,65,66,67,68,69,70,71,72,73,74,75,76,77,78,79,80,81,82,83,84,85,86,87,88,89,90,91,92,93,94,95,96,97,98,99,100,101,102,103,104,105,106,107,108,109,110,111,112,113,114,115,116,117,118,119,120,121,122,123,124,125,126,127,128,129,130,131,132,133,134,135,136,137,138,139,140,141,142,143,144,145,146,147,148,149,150,151,152,153,154,155,156,157,158,159,160,161,162,163,164,165,166,167,168 (169 attributes)
     [java] Weighted F measure:    0.433
     [java] Mean Absolute Error:    0.14 
     [java] Root Mean Squared Error:    0.367
     [java] 
     [java] SymmetricalUncertAttributeEval + Ranker:
     [java] Attributes: 0,1,2,3,4,5,6,7,8,9,10,11,12,13,14,15,16,17,18,19,20,21,22,23,24,25,26,27,28,29,30,31,32,33,34,35,36,37,38,39,40,41,42,43,44,45,46,47,48,49,50,51,52,53,54,55,56,57,58,59,60,61,62,63,64,65,66,67,68,69,70,71,72,73,74,75,76,77,78,79,80,81,82,83,84,85,86,87,88,89,90,91,92,93,94,95,96,97,98,99,100,101,102,103,104,105,106,107,108,109,110,111,112,113,114,115,116,117,118,119,120,121,122,123,124,125,126,127,128,129,130,131,132,133,134,135,136,137,138,139,140,141,142,143,144,145,146,147,148,149,150,151,152,153,154,155,156,157,158,159,160,161,162,163,164,165,166,167,168 (169 attributes)
     [java] Weighted F measure:    0.433
     [java] Mean Absolute Error:    0.14 
     [java] Root Mean Squared Error:    0.367
     [java] 
     [java] WrapperSubsetEval + BestFirst:
     [java] Attributes: 0,3,7,10,25,32,49,52,71,85,96,99,115,120,122,123,138,153,156,164,168 (21 attributes)
     [java] Weighted F measure:    0.529
     [java] Mean Absolute Error:    0.127
     [java] Root Mean Squared Error:    0.297
     [java] 
     [java] Best result (WrapperSubsetEval + BestFirst):
     [java] Attributes: 0,3,7,10,25,32,49,52,71,85,96,99,115,120,122,123,138,153,156,164,168 (21 attributes)
     [java] Weighted F measure:    0.529
     [java] Mean Absolute Error:    0.127
     [java] Root Mean Squared Error:    0.297
     [java] 
     [java] Mayority result:
     [java] Attributes: 0,1,2,3,4,5,6,7,8,9,10,11,12,13,14,15,16,17,18,19,20,21,22,23,24,25,26,27,28,29,30,31,32,33,34,35,36,37,38,39,40,41,42,43,44,45,46,47,48,49,50,51,52,53,54,55,56,57,58,59,60,61,62,63,64,65,66,67,68,69,70,71,72,73,74,75,76,77,78,79,80,81,82,83,84,85,86,87,88,89,90,91,92,93,94,95,96,97,98,99,100,101,102,103,104,105,106,107,108,109,110,111,112,113,114,115,116,117,118,119,120,121,122,123,124,125,126,127,128,129,130,131,132,133,134,135,136,137,138,139,140,141,142,143,144,145,146,147,148,149,150,151,152,153,154,155,156,157,158,159,160,161,162,163,164,165,166,167,168 (169 attributes)
     [java] Weighted F measure:    0.433
     [java] Mean Absolute Error:    0.14 
     [java] Root Mean Squared Error:    0.367
     [java] 

BUILD SUCCESSFUL
Total time: 15 minutes 3 seconds
