Buildfile: /home/arougier/machineLearning/Exercise 2/build.xml

init:

compile:

arguments.valid:

arguments.not.valid:

run:
     [java] JVM args ignored when same JVM is used.
     [java] Class attribute is missing in data! Using the last attribute
     [java] Running 15 selections in parallel
     [java] CfsSubsetEval + BestFirst:
     [java] Attributes: 0,14,24,44,45,47,50,62,72,73,96,97,120,121,125,133,144,161,163,166,168 (21 attributes)
     [java] Weighted F measure:    0.651
     [java] Mean Absolute Error:    0.112
     [java] Root Mean Squared Error:    0.311
     [java] 
     [java] ChiSquaredAttributeEval + Ranker:
     [java] Attributes: 0,1,2,3,4,5,6,7,8,9,10,11,12,13,14,15,16,17,18,19,20,21,22,23,24,25,26,27,28,29,30,31,32,33,34,35,36,37,38,39,40,41,42,43,44,45,46,47,48,49,50,51,52,53,54,55,56,57,58,59,60,61,62,63,64,65,66,67,68,69,70,71,72,73,74,75,76,77,78,79,80,81,82,83,84,85,86,87,88,89,90,91,92,93,94,95,96,97,98,99,100,101,102,103,104,105,106,107,108,109,110,111,112,113,114,115,116,117,118,119,120,121,122,123,124,125,126,127,128,129,130,131,132,133,134,135,136,137,138,139,140,141,142,143,144,145,146,147,148,149,150,151,152,153,154,155,156,157,158,159,160,161,162,163,164,165,166,167,168 (169 attributes)
     [java] Weighted F measure:    0.614
     [java] Mean Absolute Error:    0.128
     [java] Root Mean Squared Error:    0.354
     [java] 
     [java] ClassifierSubsetEval + BestFirst:
     [java] Attributes: 4,30,52,61,96,98,164,168 (8 attributes)
     [java] Weighted F measure:    0.663
     [java] Mean Absolute Error:    0.127
     [java] Root Mean Squared Error:    0.277
     [java] 
     [java] ConsistencySubsetEval + BestFirst:
     [java] Attributes: 0,2,6,29,49,60,62,71,92,104,118,120,135,140,145,163,168 (17 attributes)
     [java] Weighted F measure:    0.622
     [java] Mean Absolute Error:    0.127
     [java] Root Mean Squared Error:    0.322
     [java] 
     [java] FilteredAttributeEval + Ranker:
     [java] Attributes: 0,1,2,3,4,5,6,7,8,9,10,11,12,13,14,15,16,17,18,19,20,21,22,23,24,25,26,27,28,29,30,31,32,33,34,35,36,37,38,39,40,41,42,43,44,45,46,47,48,49,50,51,52,53,54,55,56,57,58,59,60,61,62,63,64,65,66,67,68,69,70,71,72,73,74,75,76,77,78,79,80,81,82,83,84,85,86,87,88,89,90,91,92,93,94,95,96,97,98,99,100,101,102,103,104,105,106,107,108,109,110,111,112,113,114,115,116,117,118,119,120,121,122,123,124,125,126,127,128,129,130,131,132,133,134,135,136,137,138,139,140,141,142,143,144,145,146,147,148,149,150,151,152,153,154,155,156,157,158,159,160,161,162,163,164,165,166,167,168 (169 attributes)
     [java] Weighted F measure:    0.614
     [java] Mean Absolute Error:    0.128
     [java] Root Mean Squared Error:    0.354
     [java] 
     [java] FilteredSubsetEval + BestFirst:
     [java] Attributes: 0,14,24,44,45,47,62,72,73,96,97,120,121,125,133,144,161,163,166,168 (20 attributes)
     [java] Weighted F measure:    0.658
     [java] Mean Absolute Error:    0.112
     [java] Root Mean Squared Error:    0.31 
     [java] 
     [java] GainRatioAttributeEval + Ranker:
     [java] Attributes: 0,1,2,3,4,5,6,7,8,9,10,11,12,13,14,15,16,17,18,19,20,21,22,23,24,25,26,27,28,29,30,31,32,33,34,35,36,37,38,39,40,41,42,43,44,45,46,47,48,49,50,51,52,53,54,55,56,57,58,59,60,61,62,63,64,65,66,67,68,69,70,71,72,73,74,75,76,77,78,79,80,81,82,83,84,85,86,87,88,89,90,91,92,93,94,95,96,97,98,99,100,101,102,103,104,105,106,107,108,109,110,111,112,113,114,115,116,117,118,119,120,121,122,123,124,125,126,127,128,129,130,131,132,133,134,135,136,137,138,139,140,141,142,143,144,145,146,147,148,149,150,151,152,153,154,155,156,157,158,159,160,161,162,163,164,165,166,167,168 (169 attributes)
     [java] Weighted F measure:    0.614
     [java] Mean Absolute Error:    0.128
     [java] Root Mean Squared Error:    0.354
     [java] 
     [java] InfoGainAttributeEval + Ranker:
     [java] Attributes: 0,1,2,3,4,5,6,7,8,9,10,11,12,13,14,15,16,17,18,19,20,21,22,23,24,25,26,27,28,29,30,31,32,33,34,35,36,37,38,39,40,41,42,43,44,45,46,47,48,49,50,51,52,53,54,55,56,57,58,59,60,61,62,63,64,65,66,67,68,69,70,71,72,73,74,75,76,77,78,79,80,81,82,83,84,85,86,87,88,89,90,91,92,93,94,95,96,97,98,99,100,101,102,103,104,105,106,107,108,109,110,111,112,113,114,115,116,117,118,119,120,121,122,123,124,125,126,127,128,129,130,131,132,133,134,135,136,137,138,139,140,141,142,143,144,145,146,147,148,149,150,151,152,153,154,155,156,157,158,159,160,161,162,163,164,165,166,167,168 (169 attributes)
     [java] Weighted F measure:    0.614
     [java] Mean Absolute Error:    0.128
     [java] Root Mean Squared Error:    0.354
     [java] 
     [java] LatentSemanticAnalysis + Ranker:
     [java] Attributes: 0,1,2,3,4,5,6,7,8 (9 attributes)
     [java] Weighted F measure:    0.591
     [java] Mean Absolute Error:    0.145
     [java] Root Mean Squared Error:    0.315
     [java] 
     [java] OneRAttributeEval + Ranker:
     [java] Attributes: 0,1,2,3,4,5,6,7,8,9,10,11,12,13,14,15,16,17,18,19,20,21,22,23,24,25,26,27,28,29,30,31,32,33,34,35,36,37,38,39,40,41,42,43,44,45,46,47,48,49,50,51,52,53,54,55,56,57,58,59,60,61,62,63,64,65,66,67,68,69,70,71,72,73,74,75,76,77,78,79,80,81,82,83,84,85,86,87,88,89,90,91,92,93,94,95,96,97,98,99,100,101,102,103,104,105,106,107,108,109,110,111,112,113,114,115,116,117,118,119,120,121,122,123,124,125,126,127,128,129,130,131,132,133,134,135,136,137,138,139,140,141,142,143,144,145,146,147,148,149,150,151,152,153,154,155,156,157,158,159,160,161,162,163,164,165,166,167,168 (169 attributes)
     [java] Weighted F measure:    0.614
     [java] Mean Absolute Error:    0.128
     [java] Root Mean Squared Error:    0.354
     [java] 
     [java] PrincipalComponents + Ranker:
     [java] Attributes: 0,1,2,3,4,5,6,7,8,9,10,11,12,13,14,15,16,17,18,19,20,21,22,23,24,25,26,27,28,29,30,31,32,33,34,35,36,37,38,39,40 (41 attributes)
     [java] Weighted F measure:    0.612
     [java] Mean Absolute Error:    0.129
     [java] Root Mean Squared Error:    0.343
     [java] 
     [java] ReliefFAttributeEval + Ranker:
     [java] Attributes: 0,1,2,3,4,5,6,7,8,9,10,11,12,13,14,15,16,17,18,19,20,21,22,23,24,25,26,27,28,29,30,31,32,33,34,35,36,37,38,39,40,41,42,43,44,45,46,47,48,49,50,51,52,53,54,55,56,57,58,59,60,61,62,63,64,65,66,67,68,69,70,71,72,73,74,75,76,77,78,79,80,81,82,83,84,85,86,87,88,89,90,91,92,93,94,95,96,97,98,99,100,101,102,103,104,105,106,107,108,109,110,111,112,113,114,115,116,117,118,119,120,121,122,123,124,125,126,127,128,129,130,131,132,133,134,135,136,137,138,139,140,141,142,143,144,145,146,147,148,149,150,151,152,153,154,155,156,157,158,159,160,161,162,163,164,165,166,167,168 (169 attributes)
     [java] Weighted F measure:    0.614
     [java] Mean Absolute Error:    0.128
     [java] Root Mean Squared Error:    0.354
     [java] 
     [java] SVMAttributeEval + Ranker:
     [java] Attributes: 0,1,2,3,4,5,6,7,8,9,10,11,12,13,14,15,16,17,18,19,20,21,22,23,24,25,26,27,28,29,30,31,32,33,34,35,36,37,38,39,40,41,42,43,44,45,46,47,48,49,50,51,52,53,54,55,56,57,58,59,60,61,62,63,64,65,66,67,68,69,70,71,72,73,74,75,76,77,78,79,80,81,82,83,84,85,86,87,88,89,90,91,92,93,94,95,96,97,98,99,100,101,102,103,104,105,106,107,108,109,110,111,112,113,114,115,116,117,118,119,120,121,122,123,124,125,126,127,128,129,130,131,132,133,134,135,136,137,138,139,140,141,142,143,144,145,146,147,148,149,150,151,152,153,154,155,156,157,158,159,160,161,162,163,164,165,166,167,168 (169 attributes)
     [java] Weighted F measure:    0.614
     [java] Mean Absolute Error:    0.128
     [java] Root Mean Squared Error:    0.354
     [java] 
     [java] SymmetricalUncertAttributeEval + Ranker:
     [java] Attributes: 0,1,2,3,4,5,6,7,8,9,10,11,12,13,14,15,16,17,18,19,20,21,22,23,24,25,26,27,28,29,30,31,32,33,34,35,36,37,38,39,40,41,42,43,44,45,46,47,48,49,50,51,52,53,54,55,56,57,58,59,60,61,62,63,64,65,66,67,68,69,70,71,72,73,74,75,76,77,78,79,80,81,82,83,84,85,86,87,88,89,90,91,92,93,94,95,96,97,98,99,100,101,102,103,104,105,106,107,108,109,110,111,112,113,114,115,116,117,118,119,120,121,122,123,124,125,126,127,128,129,130,131,132,133,134,135,136,137,138,139,140,141,142,143,144,145,146,147,148,149,150,151,152,153,154,155,156,157,158,159,160,161,162,163,164,165,166,167,168 (169 attributes)
     [java] Weighted F measure:    0.614
     [java] Mean Absolute Error:    0.128
     [java] Root Mean Squared Error:    0.354
     [java] 
     [java] WrapperSubsetEval + BestFirst:
     [java] Attributes: 3,5,26,30,32,53,59,96,141,144,163,165,168 (13 attributes)
     [java] Weighted F measure:    0.69 
     [java] Mean Absolute Error:    0.113
     [java] Root Mean Squared Error:    0.282
     [java] 
     [java] Best result (WrapperSubsetEval + BestFirst):
     [java] Attributes: 3,5,26,30,32,53,59,96,141,144,163,165,168 (13 attributes)
     [java] Weighted F measure:    0.69 
     [java] Mean Absolute Error:    0.113
     [java] Root Mean Squared Error:    0.282
     [java] 
     [java] Mayority result:
     [java] Attributes: 0,1,2,3,4,5,6,7,8,9,10,11,12,13,14,15,16,17,18,19,20,21,22,23,24,25,26,27,28,29,30,31,32,33,34,35,36,37,38,39,40,41,42,43,44,45,46,47,48,49,50,51,52,53,54,55,56,57,58,59,60,61,62,63,64,65,66,67,68,69,70,71,72,73,74,75,76,77,78,79,80,81,82,83,84,85,86,87,88,89,90,91,92,93,94,95,96,97,98,99,100,101,102,103,104,105,106,107,108,109,110,111,112,113,114,115,116,117,118,119,120,121,122,123,124,125,126,127,128,129,130,131,132,133,134,135,136,137,138,139,140,141,142,143,144,145,146,147,148,149,150,151,152,153,154,155,156,157,158,159,160,161,162,163,164,165,166,167,168 (169 attributes)
     [java] Weighted F measure:    0.614
     [java] Mean Absolute Error:    0.128
     [java] Root Mean Squared Error:    0.354
     [java] 

BUILD SUCCESSFUL
Total time: 26 minutes 17 seconds
